[INFO] main: succesfully logged
main: succesfully opened /Users/btobrien/Desktop/ChessWorm/src/morra.pgn
[INFO] GameNode::Constructor found new move: e4
[INFO] GameNode::Constructor found new move: c5
[INFO] GameNode::Constructor found new move: d4
[INFO] GameNode::Constructor found new move: cxd4
[INFO] GameNode::Constructor found new move: c3
[INFO] GameNode::Constructor found new move: dxc3
[INFO] GameNode::Constructor found new move: Nxc3
[INFO] GameNode::Constructor found new move: Nc6
[INFO] GameNode::Constructor found new move: Nf3
[INFO] GameNode::Constructor found new move: d6
[INFO] GameNode::Constructor found new move: Bc4
[INFO] GameNode::Constructor found new move: e6
[INFO] GameNode::Constructor found new move: O-O
[INFO] GameNode::Constructor found new move: a6
[INFO] GameNode::Constructor found new move: Qe2
[INFO] GameNode::Constructor found new move: Nf6
[INFO] GameNode::Constructor found new move: Rd1
[INFO] GameNode::Constructor found new move: Qc7
[INFO] GameNode::Constructor found new move: Bf4!
[INFO] GameNode::Constructor found new move: Be7
[INFO] GameNode::Constructor found new move: Rac1!?
[INFO] GameNode::Constructor found new move: O-O
[INFO] GameNode::Constructor found new move: Bb3!
[INFO] GameNode::parse reached end of pgn line
[INFO] BoardState::ToString returning RNBQKBNR/PPPPPPPP/8/8/8/8/pppppppp/rnbqkbnr w KQkq -
[INFO] Tree::CreateEdge calling Board::TryMove with e4
[INFO] BoardState::ToString returning RNBQKBNR/PPPP1PPP/8/4P3/8/8/pppppppp/rnbqkbnr b KQkq e3
[INFO] Tree::FindOrCreateNode creating node: RNBQKBNR/PPPP1PPP/8/4P3/8/8/pppppppp/rnbqkbnr b KQkq e3
[INFO] Tree::CreateEdge calling Board::TryMove with c5
[INFO] BoardState::ToString returning RNBQKBNR/PPPP1PPP/8/4P3/2p5/8/pp1ppppp/rnbqkbnr w KQkq c6
[INFO] Tree::FindOrCreateNode creating node: RNBQKBNR/PPPP1PPP/8/4P3/2p5/8/pp1ppppp/rnbqkbnr w KQkq c6
[INFO] Tree::CreateEdge calling Board::TryMove with d4
[INFO] BoardState::ToString returning RNBQKBNR/PPP2PPP/8/3PP3/2p5/8/pp1ppppp/rnbqkbnr b KQkq d3
[INFO] Tree::FindOrCreateNode creating node: RNBQKBNR/PPP2PPP/8/3PP3/2p5/8/pp1ppppp/rnbqkbnr b KQkq d3
[INFO] Tree::CreateEdge calling Board::TryMove with cxd4
[INFO] BoardState::ToString returning RNBQKBNR/PPP2PPP/8/3pP3/8/8/pp1ppppp/rnbqkbnr w KQkq -
[INFO] Tree::FindOrCreateNode creating node: RNBQKBNR/PPP2PPP/8/3pP3/8/8/pp1ppppp/rnbqkbnr w KQkq -
[INFO] Tree::CreateEdge calling Board::TryMove with c3
[INFO] BoardState::ToString returning RNBQKBNR/PP3PPP/2P5/3pP3/8/8/pp1ppppp/rnbqkbnr b KQkq -
[INFO] Tree::FindOrCreateNode creating node: RNBQKBNR/PP3PPP/2P5/3pP3/8/8/pp1ppppp/rnbqkbnr b KQkq -
[INFO] Tree::CreateEdge calling Board::TryMove with dxc3
[INFO] BoardState::ToString returning RNBQKBNR/PP3PPP/2p5/4P3/8/8/pp1ppppp/rnbqkbnr w KQkq -
[INFO] Tree::FindOrCreateNode creating node: RNBQKBNR/PP3PPP/2p5/4P3/8/8/pp1ppppp/rnbqkbnr w KQkq -
[INFO] Tree::CreateEdge calling Board::TryMove with Nxc3
[INFO] BoardState::ToString returning R1BQKBNR/PP3PPP/2N5/4P3/8/8/pp1ppppp/rnbqkbnr b KQkq -
[INFO] Tree::FindOrCreateNode creating node: R1BQKBNR/PP3PPP/2N5/4P3/8/8/pp1ppppp/rnbqkbnr b KQkq -
[INFO] Tree::CreateEdge calling Board::TryMove with Nc6
[INFO] BoardState::ToString returning R1BQKBNR/PP3PPP/2N5/4P3/8/2n5/pp1ppppp/r1bqkbnr w KQkq -
[INFO] Tree::FindOrCreateNode creating node: R1BQKBNR/PP3PPP/2N5/4P3/8/2n5/pp1ppppp/r1bqkbnr w KQkq -
[INFO] Tree::CreateEdge calling Board::TryMove with Nf3
[INFO] BoardState::ToString returning R1BQKB1R/PP3PPP/2N2N2/4P3/8/2n5/pp1ppppp/r1bqkbnr b KQkq -
[INFO] Tree::FindOrCreateNode creating node: R1BQKB1R/PP3PPP/2N2N2/4P3/8/2n5/pp1ppppp/r1bqkbnr b KQkq -
[INFO] Tree::CreateEdge calling Board::TryMove with d6
[INFO] BoardState::ToString returning R1BQKB1R/PP3PPP/2N2N2/4P3/8/2np4/pp2pppp/r1bqkbnr w KQkq -
[INFO] Tree::FindOrCreateNode creating node: R1BQKB1R/PP3PPP/2N2N2/4P3/8/2np4/pp2pppp/r1bqkbnr w KQkq -
[INFO] Tree::CreateEdge calling Board::TryMove with Bc4
[INFO] BoardState::ToString returning R1BQK2R/PP3PPP/2N2N2/2B1P3/8/2np4/pp2pppp/r1bqkbnr b KQkq -
[INFO] Tree::FindOrCreateNode creating node: R1BQK2R/PP3PPP/2N2N2/2B1P3/8/2np4/pp2pppp/r1bqkbnr b KQkq -
[INFO] Tree::CreateEdge calling Board::TryMove with e6
[INFO] BoardState::ToString returning R1BQK2R/PP3PPP/2N2N2/2B1P3/8/2npp3/pp3ppp/r1bqkbnr w KQkq -
[INFO] Tree::FindOrCreateNode creating node: R1BQK2R/PP3PPP/2N2N2/2B1P3/8/2npp3/pp3ppp/r1bqkbnr w KQkq -
[INFO] Tree::CreateEdge calling Board::TryMove with O-O
[INFO] BoardState::ToString returning R1BQ1RK1/PP3PPP/2N2N2/2B1P3/8/2npp3/pp3ppp/r1bqkbnr b kq -
[INFO] Tree::FindOrCreateNode creating node: R1BQ1RK1/PP3PPP/2N2N2/2B1P3/8/2npp3/pp3ppp/r1bqkbnr b kq -
[INFO] Tree::CreateEdge calling Board::TryMove with a6
[INFO] BoardState::ToString returning R1BQ1RK1/PP3PPP/2N2N2/2B1P3/8/p1npp3/1p3ppp/r1bqkbnr w kq -
[INFO] Tree::FindOrCreateNode creating node: R1BQ1RK1/PP3PPP/2N2N2/2B1P3/8/p1npp3/1p3ppp/r1bqkbnr w kq -
[INFO] Tree::CreateEdge calling Board::TryMove with Qe2
[INFO] BoardState::ToString returning R1B2RK1/PP2QPPP/2N2N2/2B1P3/8/p1npp3/1p3ppp/r1bqkbnr b kq -
[INFO] Tree::FindOrCreateNode creating node: R1B2RK1/PP2QPPP/2N2N2/2B1P3/8/p1npp3/1p3ppp/r1bqkbnr b kq -
[INFO] Tree::CreateEdge calling Board::TryMove with Nf6
[INFO] BoardState::ToString returning R1B2RK1/PP2QPPP/2N2N2/2B1P3/8/p1nppn2/1p3ppp/r1bqkb1r w kq -
[INFO] Tree::FindOrCreateNode creating node: R1B2RK1/PP2QPPP/2N2N2/2B1P3/8/p1nppn2/1p3ppp/r1bqkb1r w kq -
[INFO] Tree::CreateEdge calling Board::TryMove with Rd1
[INFO] BoardState::ToString returning R1BR2K1/PP2QPPP/2N2N2/2B1P3/8/p1nppn2/1p3ppp/r1bqkb1r b kq -
[INFO] Tree::FindOrCreateNode creating node: R1BR2K1/PP2QPPP/2N2N2/2B1P3/8/p1nppn2/1p3ppp/r1bqkb1r b kq -
[INFO] Tree::CreateEdge calling Board::TryMove with Qc7
[INFO] BoardState::ToString returning R1BR2K1/PP2QPPP/2N2N2/2B1P3/8/p1nppn2/1pq2ppp/r1b1kb1r w kq -
[INFO] Tree::FindOrCreateNode creating node: R1BR2K1/PP2QPPP/2N2N2/2B1P3/8/p1nppn2/1pq2ppp/r1b1kb1r w kq -
[INFO] Tree::CreateEdge calling Board::TryMove with Bf4
[INFO] BoardState::ToString returning R2R2K1/PP2QPPP/2N2N2/2B1PB2/8/p1nppn2/1pq2ppp/r1b1kb1r b kq -
[INFO] Tree::FindOrCreateNode creating node: R2R2K1/PP2QPPP/2N2N2/2B1PB2/8/p1nppn2/1pq2ppp/r1b1kb1r b kq -
[INFO] Tree::CreateEdge calling Board::TryMove with Be7
[INFO] BoardState::ToString returning R2R2K1/PP2QPPP/2N2N2/2B1PB2/8/p1nppn2/1pq1bppp/r1b1k2r w kq -
[INFO] Tree::FindOrCreateNode creating node: R2R2K1/PP2QPPP/2N2N2/2B1PB2/8/p1nppn2/1pq1bppp/r1b1k2r w kq -
[INFO] Tree::CreateEdge calling Board::TryMove with Rac1
[INFO] BoardState::ToString returning 2RR2K1/PP2QPPP/2N2N2/2B1PB2/8/p1nppn2/1pq1bppp/r1b1k2r b kq -
[INFO] Tree::FindOrCreateNode creating node: 2RR2K1/PP2QPPP/2N2N2/2B1PB2/8/p1nppn2/1pq1bppp/r1b1k2r b kq -
[INFO] Tree::CreateEdge calling Board::TryMove with O-O
[INFO] BoardState::ToString returning 2RR2K1/PP2QPPP/2N2N2/2B1PB2/8/p1nppn2/1pq1bppp/r1b2rk1 w - -
[INFO] Tree::FindOrCreateNode creating node: 2RR2K1/PP2QPPP/2N2N2/2B1PB2/8/p1nppn2/1pq1bppp/r1b2rk1 w - -
[INFO] Tree::CreateEdge calling Board::TryMove with Bb3
[INFO] BoardState::ToString returning 2RR2K1/PP2QPPP/1BN2N2/4PB2/8/p1nppn2/1pq1bppp/r1b2rk1 b - -
[INFO] Tree::FindOrCreateNode creating node: 2RR2K1/PP2QPPP/1BN2N2/4PB2/8/p1nppn2/1pq1bppp/r1b2rk1 b - -
[INFO] ChessView::Constructor
[INFO] main is starting input loop
[INFO] ChessView::DisplayHead received 1 next moves
[INFO] ChessView::DisplayHead received e4
[INFO] waiting for input
[INFO] TreeBoard::UpdateTree start
[INFO] BoardState::ToString returning RNBQKBNR/PPPPPPPP/8/8/8/8/pppppppp/rnbqkbnr w KQkq -
[INFO] BoardState::ToString returning RNBQKBNR/PPPP1PPP/8/4P3/8/8/pppppppp/rnbqkbnr b KQkq e3
[INFO] Tree::TrySet start
[INFO] Tree::TrySet start
[INFO] TreeBoard::TryMove updated tree
[INFO] ChessView::DisplayHead received 1 next moves
[INFO] ChessView::DisplayHead received c5
[INFO] waiting for input
[INFO] TreeBoard::UpdateTree start
[INFO] BoardState::ToString returning RNBQKBNR/PPPPPPPP/8/8/8/8/pppppppp/rnbqkbnr w KQkq -
[INFO] Tree::TrySet start
[INFO] Tree::TrySet reset the tree to root
[INFO] Tree::TrySet start
[INFO] TreeBoard::TryUndo updated tree
[INFO] ChessView::DisplayHead received 1 next moves
[INFO] ChessView::DisplayHead received e4
[INFO] waiting for input
[INFO] TreeBoard::TryUndo failed
[INFO] ChessView::DisplayHead received 1 next moves
[INFO] ChessView::DisplayHead received e4
[INFO] waiting for input
[INFO] TreeBoard::TryUndo failed
[INFO] ChessView::DisplayHead received 1 next moves
[INFO] ChessView::DisplayHead received e4
[INFO] waiting for input
[INFO] TreeBoard::UpdateTree start
[INFO] BoardState::ToString returning RNBQKBNR/PPPPPPPP/8/8/8/8/pppppppp/rnbqkbnr w KQkq -
[INFO] BoardState::ToString returning RNBQKBNR/PPPP1PPP/4P3/8/8/8/pppppppp/rnbqkbnr b KQkq -
[INFO] Tree::TrySet start
[INFO] Tree::TrySet start
[WARN] Tree::TrySet failed to find nodeKey
[INFO] TreeBoard::TryMove updated tree
[INFO] ChessView::DisplayHead received 0 next moves
[INFO] waiting for input
[INFO] ChessView::DisplayHead received 0 next moves
[INFO] waiting for input
[INFO] ChessView::DisplayHead received 0 next moves
[INFO] waiting for input
[INFO] ChessView::DisplayHead received 0 next moves
[INFO] waiting for input
[INFO] ChessView::DisplayHead received 0 next moves
[INFO] waiting for input
[INFO] ChessView::DisplayHead received 0 next moves
